<?xml version="1.0" encoding="utf-8"?><testsuites><testsuite name="pytest" errors="0" failures="0" skipped="0" tests="11" time="0.805" timestamp="2025-03-12T13:18:53.974405+01:00" hostname="Air-von-Clemens.fritz.box"><testcase classname="tests.integration.test_shipment_graph" name="test_shipment_graph_basic_workflow" time="0.006" /><testcase classname="tests.integration.test_shipment_graph" name="test_shipment_graph_validation" time="0.002" /><testcase classname="tests.integration.test_shipment_graph" name="test_shipment_graph_error_handling" time="0.002" /><testcase classname="tests.unit.test_shipment_models" name="test_shipment_item_initialization" time="0.000" /><testcase classname="tests.unit.test_shipment_models" name="test_shipment_initialization" time="0.000" /><testcase classname="tests.unit.test_shipment_models" name="test_load_carrier_type_enum" time="0.000" /><testcase classname="tests.unit.test_state_validation" name="test_validate_state_empty" time="0.000" /><testcase classname="tests.unit.test_state_validation" name="test_validate_state_with_data" time="0.000" /><testcase classname="tests.unit.test_state_validation" name="test_validate_state_with_partial_data" time="0.000" /><testcase classname="tests.unit.test_state_validation" name="test_validate_state_invalid_messages" time="0.000" /><testcase classname="tests.unit.test_state_validation" name="test_validate_state_immutability" time="0.000" /></testsuite></testsuites>